22-04-04 21:48:00.7938610 pid:1085 tid:1 sqltools Critical: 0 : An unhandled exception occurred: System.Threading.Tasks.TaskSchedulerException: An exception was thrown by a TaskScheduler.
 ---> System.OutOfMemoryException: Exception of type 'System.OutOfMemoryException' was thrown.
   at System.Threading.Thread.StartInternal(ThreadHandle t, Int32 stackSize, Int32 priority, Char* pThreadName)
   at System.Threading.Thread.StartCore()
   at System.Threading.Thread.Start(Object parameter, Boolean captureContext)
   at System.Threading.Tasks.ThreadPoolTaskScheduler.QueueTask(Task task)
   at System.Threading.Tasks.TaskScheduler.InternalQueueTask(Task task)
   at System.Threading.Tasks.Task.ScheduleAndStart(Boolean needsProtection)
   --- End of inner exception stack trace ---
   at System.Threading.Tasks.Task.ScheduleAndStart(Boolean needsProtection)
   at System.Threading.Tasks.Task.InternalStartNew(Task creatingTask, Delegate action, Object state, CancellationToken cancellationToken, TaskScheduler scheduler, TaskCreationOptions options, InternalTaskOptions internalOptions)
   at System.Threading.Tasks.TaskFactory.StartNew(Action action, CancellationToken cancellationToken, TaskCreationOptions creationOptions, TaskScheduler scheduler)
   at Microsoft.SqlTools.ServiceLayer.LanguageServices.BindingQueue`1.StartQueueProcessorAsync() in D:\a\1\s\src\Microsoft.SqlTools.ServiceLayer\LanguageServices\BindingQueue.cs:line 259
   at Microsoft.SqlTools.ServiceLayer.LanguageServices.BindingQueue`1.StartQueueProcessor() in D:\a\1\s\src\Microsoft.SqlTools.ServiceLayer\LanguageServices\BindingQueue.cs:line 62
   at Microsoft.SqlTools.ServiceLayer.LanguageServices.BindingQueue`1..ctor() in D:\a\1\s\src\Microsoft.SqlTools.ServiceLayer\LanguageServices\BindingQueue.cs:line 57
   at Microsoft.SqlTools.ServiceLayer.LanguageServices.ConnectedBindingQueue..ctor(Boolean needsMetadata) in D:\a\1\s\src\Microsoft.SqlTools.ServiceLayer\LanguageServices\ConnectedBindingQueue.cs:line 75
   at Microsoft.SqlTools.ServiceLayer.ObjectExplorer.ObjectExplorerService..ctor() in D:\a\1\s\src\Microsoft.SqlTools.ServiceLayer\ObjectExplorer\ObjectExplorerService.cs:line 48
   at lambda_method110(Closure , LifetimeContext , CompositionOperation )
   at System.Composition.TypedParts.ActivationFeatures.DisposalFeature.<>c__DisplayClass0_0.<RewriteActivator>b__0(LifetimeContext c, CompositionOperation o)
   at System.Composition.Hosting.Providers.ImportMany.ImportManyExportDescriptorProvider.<>c__DisplayClass3_2`1.<GetImportManyDescriptor>b__4(ExportDescriptor e)
   at System.Linq.Enumerable.SelectArrayIterator`2.ToArray()
   at System.Composition.Hosting.Providers.ImportMany.ImportManyExportDescriptorProvider.<>c__DisplayClass3_1`1.<GetImportManyDescriptor>b__3(LifetimeContext c, CompositionOperation o)
   at System.Composition.Hosting.Core.CompositionOperation.Run(LifetimeContext outermostLifetimeContext, CompositeActivator compositionRootActivator)
   at System.Composition.Hosting.Core.LifetimeContext.TryGetExport(CompositionContract contract, Object& export)
   at System.Composition.Hosting.CompositionHost.TryGetExport(CompositionContract contract, Object& export)
   at System.Composition.CompositionContext.GetExport(CompositionContract contract)
   at System.Composition.CompositionContext.GetExports(Type exportType, String contractName)
   at System.Composition.CompositionContext.GetExports(Type exportType)
   at Microsoft.SqlTools.Extensibility.ExtensionStore.GetExports[T]() in D:\a\1\s\src\Microsoft.SqlTools.Hosting\Extensibility\ExtensionServiceProvider.cs:line 191
   at Microsoft.SqlTools.Extensibility.ExtensionServiceProvider.<>c__DisplayClass8_0`1.<EnsureExtensionStoreRegistered>b__0() in D:\a\1\s\src\Microsoft.SqlTools.Hosting\Extensibility\ExtensionServiceProvider.cs:line 116
   at Microsoft.SqlTools.Extensibility.RegisteredServiceProvider.<>c__DisplayClass4_0`1.<Register>b__0() in D:\a\1\s\src\Microsoft.SqlTools.Hosting\Extensibility\RegisteredServiceProvider.cs:line 74
   at Microsoft.SqlTools.Extensibility.RegisteredServiceProvider.GetServicesImpl[T]